<?xml version="1.0" encoding="UTF-8"?>
<testsuite name="org.test.WebpageTest" tests="1" skipped="0" failures="0" errors="0" timestamp="2025-05-20T14:38:33" hostname="LAPTOP-GQSJF3EN" time="0.016">
  <properties/>
  <testcase name="titleValidationTest" classname="org.test.WebpageTest" time="0.016"/>
  <system-out><![CDATA[]]></system-out>
  <system-err><![CDATA[]]></system-err>
</testsuite>
